# JRE version: OpenJDK Runtime Environment (17.0.6) (build 17.0.6+0-b2043.56-9586694)
# Java VM: OpenJDK 64-Bit Server VM (17.0.6+0-b2043.56-9586694, mixed mode, tiered, compressed oops, compressed class ptrs, g1 gc, windows-amd64)
GC Precious Log:
 CPUs: 8 total, 8 available
 Memory: 32672M
 Large Page Support: Disabled
 NUMA Support: Disabled
 Compressed Oops: Enabled (32-bit)
 Heap Region Size: 1M
 Heap Min Capacity: 8M
 Heap Initial Capacity: 512M
 Heap Max Capacity: 2G
 Pre-touch: Disabled
 Parallel Workers: 8
 Concurrent Workers: 2
 Concurrent Refinement Workers: 8
 Periodic GC: Disabled
Heap:
 garbage-first heap   total 292864K, used 152955K [0x0000000080000000, 0x0000000100000000)
  region size 1024K, 2 young (2048K), 2 survivors (2048K)
 Metaspace       used 97948K, committed 98624K, reserved 1138688K
  class space    used 13576K, committed 13888K, reserved 1048576K
GC Heap History (20 events):
Event: 10.394 GC heap after
{Heap after GC invocations=19 (full 0):
 garbage-first heap   total 167936K, used 80694K [0x0000000080000000, 0x0000000100000000)
  region size 1024K, 5 young (5120K), 5 survivors (5120K)
 Metaspace       used 84695K, committed 85376K, reserved 1130496K
  class space    used 11654K, committed 11968K, reserved 1048576K
}
Event: 10.788 GC heap before
{Heap before GC invocations=19 (full 0):
 garbage-first heap   total 167936K, used 131894K [0x0000000080000000, 0x0000000100000000)
  region size 1024K, 56 young (57344K), 5 survivors (5120K)
 Metaspace       used 85310K, committed 85888K, reserved 1130496K
  class space    used 11693K, committed 11968K, reserved 1048576K
}
Event: 10.795 GC heap after
{Heap after GC invocations=20 (full 0):
 garbage-first heap   total 167936K, used 84147K [0x0000000080000000, 0x0000000100000000)
  region size 1024K, 4 young (4096K), 4 survivors (4096K)
 Metaspace       used 85310K, committed 85888K, reserved 1130496K
  class space    used 11693K, committed 11968K, reserved 1048576K
}
Event: 11.316 GC heap before
{Heap before GC invocations=21 (full 0):
 garbage-first heap   total 167936K, used 134323K [0x0000000080000000, 0x0000000100000000)
  region size 1024K, 54 young (55296K), 4 survivors (4096K)
 Metaspace       used 87535K, committed 88192K, reserved 1130496K
  class space    used 11956K, committed 12224K, reserved 1048576K
}
Event: 11.324 GC heap after
{Heap after GC invocations=22 (full 0):
 garbage-first heap   total 167936K, used 87923K [0x0000000080000000, 0x0000000100000000)
  region size 1024K, 4 young (4096K), 4 survivors (4096K)
 Metaspace       used 87535K, committed 88192K, reserved 1130496K
  class space    used 11956K, committed 12224K, reserved 1048576K
}
Event: 11.357 GC heap before
{Heap before GC invocations=22 (full 0):
 garbage-first heap   total 167936K, used 90995K [0x0000000080000000, 0x0000000100000000)
  region size 1024K, 8 young (8192K), 4 survivors (4096K)
 Metaspace       used 87724K, committed 88384K, reserved 1130496K
  class space    used 11981K, committed 12288K, reserved 1048576K
}
Event: 11.361 GC heap after
{Heap after GC invocations=23 (full 0):
 garbage-first heap   total 201728K, used 88461K [0x0000000080000000, 0x0000000100000000)
  region size 1024K, 1 young (1024K), 1 survivors (1024K)
 Metaspace       used 87724K, committed 88384K, reserved 1130496K
  class space    used 11981K, committed 12288K, reserved 1048576K
}
Event: 11.865 GC heap before
{Heap before GC invocations=23 (full 0):
 garbage-first heap   total 201728K, used 161165K [0x0000000080000000, 0x0000000100000000)
  region size 1024K, 73 young (74752K), 1 survivors (1024K)
 Metaspace       used 91192K, committed 91840K, reserved 1130496K
  class space    used 12432K, committed 12736K, reserved 1048576K
}
Event: 11.872 GC heap after
{Heap after GC invocations=24 (full 0):
 garbage-first heap   total 201728K, used 92884K [0x0000000080000000, 0x0000000100000000)
  region size 1024K, 5 young (5120K), 5 survivors (5120K)
 Metaspace       used 91192K, committed 91840K, reserved 1130496K
  class space    used 12432K, committed 12736K, reserved 1048576K
}
Event: 11.996 GC heap before
{Heap before GC invocations=24 (full 0):
 garbage-first heap   total 201728K, used 112340K [0x0000000080000000, 0x0000000100000000)
  region size 1024K, 23 young (23552K), 5 survivors (5120K)
 Metaspace       used 91747K, committed 92416K, reserved 1130496K
  class space    used 12504K, committed 12800K, reserved 1048576K
}
Event: 12.002 GC heap after
{Heap after GC invocations=25 (full 0):
 garbage-first heap   total 201728K, used 98813K [0x0000000080000000, 0x0000000100000000)
  region size 1024K, 8 young (8192K), 8 survivors (8192K)
 Metaspace       used 91747K, committed 92416K, reserved 1130496K
  class space    used 12504K, committed 12800K, reserved 1048576K
}
Event: 12.504 GC heap before
{Heap before GC invocations=26 (full 0):
 garbage-first heap   total 201728K, used 183805K [0x0000000080000000, 0x0000000100000000)
  region size 1024K, 57 young (58368K), 8 survivors (8192K)
 Metaspace       used 95414K, committed 96128K, reserved 1138688K
  class space    used 13030K, committed 13376K, reserved 1048576K
}
Event: 12.517 GC heap after
{Heap after GC invocations=27 (full 0):
 garbage-first heap   total 210944K, used 134862K [0x0000000080000000, 0x0000000100000000)
  region size 1024K, 9 young (9216K), 9 survivors (9216K)
 Metaspace       used 95414K, committed 96128K, reserved 1138688K
  class space    used 13030K, committed 13376K, reserved 1048576K
}
Event: 12.527 GC heap before
{Heap before GC invocations=27 (full 0):
 garbage-first heap   total 210944K, used 134862K [0x0000000080000000, 0x0000000100000000)
  region size 1024K, 10 young (10240K), 9 survivors (9216K)
 Metaspace       used 95415K, committed 96128K, reserved 1138688K
  class space    used 13030K, committed 13376K, reserved 1048576K
}
Event: 12.532 GC heap after
{Heap after GC invocations=28 (full 0):
 garbage-first heap   total 210944K, used 134986K [0x0000000080000000, 0x0000000100000000)
  region size 1024K, 1 young (1024K), 1 survivors (1024K)
 Metaspace       used 95415K, committed 96128K, reserved 1138688K
  class space    used 13030K, committed 13376K, reserved 1048576K
}
Event: 12.593 GC heap before
{Heap before GC invocations=28 (full 0):
 garbage-first heap   total 210944K, used 143178K [0x0000000080000000, 0x0000000100000000)
  region size 1024K, 11 young (11264K), 1 survivors (1024K)
 Metaspace       used 95416K, committed 96128K, reserved 1138688K
  class space    used 13030K, committed 13376K, reserved 1048576K
}
Event: 12.597 GC heap after
{Heap after GC invocations=29 (full 0):
 garbage-first heap   total 210944K, used 138168K [0x0000000080000000, 0x0000000100000000)
  region size 1024K, 4 young (4096K), 4 survivors (4096K)
 Metaspace       used 95416K, committed 96128K, reserved 1138688K
  class space    used 13030K, committed 13376K, reserved 1048576K
}
Event: 12.888 GC heap before
{Heap before GC invocations=30 (full 0):
 garbage-first heap   total 270336K, used 168888K [0x0000000080000000, 0x0000000100000000)
  region size 1024K, 32 young (32768K), 4 survivors (4096K)
 Metaspace       used 97701K, committed 98368K, reserved 1138688K
  class space    used 13555K, committed 13888K, reserved 1048576K
}
Event: 12.902 GC heap after
{Heap after GC invocations=31 (full 0):
 garbage-first heap   total 270336K, used 149048K [0x0000000080000000, 0x0000000100000000)
  region size 1024K, 4 young (4096K), 4 survivors (4096K)
 Metaspace       used 97701K, committed 98368K, reserved 1138688K
  class space    used 13555K, committed 13888K, reserved 1048576K
}
Event: 12.965 GC heap before
{Heap before GC invocations=31 (full 0):
 garbage-first heap   total 270336K, used 158264K [0x0000000080000000, 0x0000000100000000)
  region size 1024K, 13 young (13312K), 4 survivors (4096K)
 Metaspace       used 97948K, committed 98624K, reserved 1138688K
  class space    used 13576K, committed 13888K, reserved 1048576K
}

