# JRE version: OpenJDK Runtime Environment (17.0.6) (build 17.0.6+0-b2043.56-9586694)
# Java VM: OpenJDK 64-Bit Server VM (17.0.6+0-b2043.56-9586694, mixed mode, tiered, compressed oops, compressed class ptrs, g1 gc, windows-amd64)
GC Precious Log:
 CPUs: 8 total, 8 available
 Memory: 32672M
 Large Page Support: Disabled
 NUMA Support: Disabled
 Compressed Oops: Enabled (32-bit)
 Heap Region Size: 1M
 Heap Min Capacity: 8M
 Heap Initial Capacity: 512M
 Heap Max Capacity: 2G
 Pre-touch: Disabled
 Parallel Workers: 8
 Concurrent Workers: 2
 Concurrent Refinement Workers: 8
 Periodic GC: Disabled
Heap:
 garbage-first heap   total 299008K, used 167211K [0x0000000080000000, 0x0000000100000000)
  region size 1024K, 45 young (46080K), 2 survivors (2048K)
 Metaspace       used 127026K, committed 128256K, reserved 1163264K
  class space    used 17427K, committed 17984K, reserved 1048576K
GC Heap History (20 events):
Event: 16.303 GC heap before
{Heap before GC invocations=30 (full 0):
 garbage-first heap   total 299008K, used 138811K [0x0000000080000000, 0x0000000100000000)
  region size 1024K, 6 young (6144K), 2 survivors (2048K)
 Metaspace       used 122333K, committed 123136K, reserved 1155072K
  class space    used 16979K, committed 17344K, reserved 1048576K
}
Event: 16.305 GC heap after
{Heap after GC invocations=31 (full 0):
 garbage-first heap   total 299008K, used 122993K [0x0000000080000000, 0x0000000100000000)
  region size 1024K, 1 young (1024K), 1 survivors (1024K)
 Metaspace       used 122333K, committed 123136K, reserved 1155072K
  class space    used 16979K, committed 17344K, reserved 1048576K
}
Event: 35.013 GC heap before
{Heap before GC invocations=31 (full 0):
 garbage-first heap   total 299008K, used 241777K [0x0000000080000000, 0x0000000100000000)
  region size 1024K, 113 young (115712K), 1 survivors (1024K)
 Metaspace       used 123913K, committed 124736K, reserved 1163264K
  class space    used 17109K, committed 17472K, reserved 1048576K
}
Event: 35.022 GC heap after
{Heap after GC invocations=32 (full 0):
 garbage-first heap   total 299008K, used 119499K [0x0000000080000000, 0x0000000100000000)
  region size 1024K, 14 young (14336K), 14 survivors (14336K)
 Metaspace       used 123913K, committed 124736K, reserved 1163264K
  class space    used 17109K, committed 17472K, reserved 1048576K
}
Event: 35.347 GC heap before
{Heap before GC invocations=32 (full 0):
 garbage-first heap   total 299008K, used 169675K [0x0000000080000000, 0x0000000100000000)
  region size 1024K, 38 young (38912K), 14 survivors (14336K)
 Metaspace       used 124047K, committed 124864K, reserved 1163264K
  class space    used 17118K, committed 17472K, reserved 1048576K
}
Event: 35.355 GC heap after
{Heap after GC invocations=33 (full 0):
 garbage-first heap   total 299008K, used 135396K [0x0000000080000000, 0x0000000100000000)
  region size 1024K, 2 young (2048K), 2 survivors (2048K)
 Metaspace       used 124047K, committed 124864K, reserved 1163264K
  class space    used 17118K, committed 17472K, reserved 1048576K
}
Event: 35.356 GC heap before
{Heap before GC invocations=33 (full 0):
 garbage-first heap   total 299008K, used 139492K [0x0000000080000000, 0x0000000100000000)
  region size 1024K, 3 young (3072K), 2 survivors (2048K)
 Metaspace       used 124047K, committed 124864K, reserved 1163264K
  class space    used 17118K, committed 17472K, reserved 1048576K
}
Event: 35.357 GC heap after
{Heap after GC invocations=34 (full 0):
 garbage-first heap   total 299008K, used 138468K [0x0000000080000000, 0x0000000100000000)
  region size 1024K, 1 young (1024K), 1 survivors (1024K)
 Metaspace       used 124047K, committed 124864K, reserved 1163264K
  class space    used 17118K, committed 17472K, reserved 1048576K
}
Event: 381.651 GC heap before
{Heap before GC invocations=35 (full 0):
 garbage-first heap   total 299008K, used 250084K [0x0000000080000000, 0x0000000100000000)
  region size 1024K, 107 young (109568K), 1 survivors (1024K)
 Metaspace       used 124690K, committed 125568K, reserved 1163264K
  class space    used 17155K, committed 17536K, reserved 1048576K
}
Event: 381.657 GC heap after
{Heap after GC invocations=36 (full 0):
 garbage-first heap   total 299008K, used 119505K [0x0000000080000000, 0x0000000100000000)
  region size 1024K, 3 young (3072K), 3 survivors (3072K)
 Metaspace       used 124690K, committed 125568K, reserved 1163264K
  class space    used 17155K, committed 17536K, reserved 1048576K
}
Event: 381.793 GC heap before
{Heap before GC invocations=36 (full 0):
 garbage-first heap   total 299008K, used 130769K [0x0000000080000000, 0x0000000100000000)
  region size 1024K, 14 young (14336K), 3 survivors (3072K)
 Metaspace       used 124810K, committed 125696K, reserved 1163264K
  class space    used 17165K, committed 17600K, reserved 1048576K
}
Event: 381.799 GC heap after
{Heap after GC invocations=37 (full 0):
 garbage-first heap   total 299008K, used 118914K [0x0000000080000000, 0x0000000100000000)
  region size 1024K, 2 young (2048K), 2 survivors (2048K)
 Metaspace       used 124810K, committed 125696K, reserved 1163264K
  class space    used 17165K, committed 17600K, reserved 1048576K
}
Event: 403.592 GC heap before
{Heap before GC invocations=37 (full 0):
 garbage-first heap   total 299008K, used 245890K [0x0000000080000000, 0x0000000100000000)
  region size 1024K, 127 young (130048K), 2 survivors (2048K)
 Metaspace       used 125707K, committed 126720K, reserved 1163264K
  class space    used 17268K, committed 17728K, reserved 1048576K
}
Event: 403.600 GC heap after
{Heap after GC invocations=38 (full 0):
 garbage-first heap   total 299008K, used 123386K [0x0000000080000000, 0x0000000100000000)
  region size 1024K, 7 young (7168K), 7 survivors (7168K)
 Metaspace       used 125707K, committed 126720K, reserved 1163264K
  class space    used 17268K, committed 17728K, reserved 1048576K
}
Event: 424.191 GC heap before
{Heap before GC invocations=38 (full 0):
 garbage-first heap   total 299008K, used 246266K [0x0000000080000000, 0x0000000100000000)
  region size 1024K, 128 young (131072K), 7 survivors (7168K)
 Metaspace       used 126137K, committed 127168K, reserved 1163264K
  class space    used 17288K, committed 17728K, reserved 1048576K
}
Event: 424.201 GC heap after
{Heap after GC invocations=39 (full 0):
 garbage-first heap   total 299008K, used 130178K [0x0000000080000000, 0x0000000100000000)
  region size 1024K, 13 young (13312K), 13 survivors (13312K)
 Metaspace       used 126137K, committed 127168K, reserved 1163264K
  class space    used 17288K, committed 17728K, reserved 1048576K
}
Event: 438.110 GC heap before
{Heap before GC invocations=40 (full 0):
 garbage-first heap   total 299008K, used 241794K [0x0000000080000000, 0x0000000100000000)
  region size 1024K, 127 young (130048K), 13 survivors (13312K)
 Metaspace       used 126944K, committed 128192K, reserved 1163264K
  class space    used 17424K, committed 17984K, reserved 1048576K
}
Event: 438.122 GC heap after
{Heap after GC invocations=41 (full 0):
 garbage-first heap   total 299008K, used 131358K [0x0000000080000000, 0x0000000100000000)
  region size 1024K, 13 young (13312K), 13 survivors (13312K)
 Metaspace       used 126944K, committed 128192K, reserved 1163264K
  class space    used 17424K, committed 17984K, reserved 1048576K
}
Event: 438.125 GC heap before
{Heap before GC invocations=41 (full 0):
 garbage-first heap   total 299008K, used 131358K [0x0000000080000000, 0x0000000100000000)
  region size 1024K, 14 young (14336K), 13 survivors (13312K)
 Metaspace       used 126946K, committed 128192K, reserved 1163264K
  class space    used 17424K, committed 17984K, reserved 1048576K
}
Event: 438.134 GC heap after
{Heap after GC invocations=42 (full 0):
 garbage-first heap   total 299008K, used 125227K [0x0000000080000000, 0x0000000100000000)
  region size 1024K, 2 young (2048K), 2 survivors (2048K)
 Metaspace       used 126946K, committed 128192K, reserved 1163264K
  class space    used 17424K, committed 17984K, reserved 1048576K
}

